  GameManager.cpp
C:\Users\eodus\source\repos\OmokGame\Draw.h(21,19): warning C4838: 'int'에서 'SHORT'(으)로의 변환에는 축소 변환이 필요합니다.
C:\Users\eodus\source\repos\OmokGame\Draw.h(21,24): warning C4838: 'int'에서 'SHORT'(으)로의 변환에는 축소 변환이 필요합니다.
C:\Users\eodus\source\repos\OmokGame\Stone.h(82,19): warning C4838: 'int'에서 'SHORT'(으)로의 변환에는 축소 변환이 필요합니다.
C:\Users\eodus\source\repos\OmokGame\Stone.h(82,24): warning C4838: 'int'에서 'SHORT'(으)로의 변환에는 축소 변환이 필요합니다.
C:\Users\eodus\source\repos\OmokGame\GameManager.cpp(80,1): warning C4996: 'getch': The POSIX name for this item is deprecated. Instead, use the ISO C and C++ conformant name: _getch. See online help for details.
C:\Program Files (x86)\Windows Kits\10\Include\10.0.18362.0\ucrt\conio.h(453): message : 'getch' 선언을 참조하십시오.
C:\Users\eodus\source\repos\OmokGame\GameManager.cpp(99,1): warning C4996: 'getch': The POSIX name for this item is deprecated. Instead, use the ISO C and C++ conformant name: _getch. See online help for details.
C:\Program Files (x86)\Windows Kits\10\Include\10.0.18362.0\ucrt\conio.h(453): message : 'getch' 선언을 참조하십시오.
C:\Users\eodus\source\repos\OmokGame\GameManager.cpp(172,1): warning C4996: 'getch': The POSIX name for this item is deprecated. Instead, use the ISO C and C++ conformant name: _getch. See online help for details.
C:\Program Files (x86)\Windows Kits\10\Include\10.0.18362.0\ucrt\conio.h(453): message : 'getch' 선언을 참조하십시오.
C:\Users\eodus\source\repos\OmokGame\GameManager.cpp(184,1): warning C4996: 'getch': The POSIX name for this item is deprecated. Instead, use the ISO C and C++ conformant name: _getch. See online help for details.
C:\Program Files (x86)\Windows Kits\10\Include\10.0.18362.0\ucrt\conio.h(453): message : 'getch' 선언을 참조하십시오.
C:\Users\eodus\source\repos\OmokGame\GameManager.cpp(224,1): warning C4996: 'getch': The POSIX name for this item is deprecated. Instead, use the ISO C and C++ conformant name: _getch. See online help for details.
C:\Program Files (x86)\Windows Kits\10\Include\10.0.18362.0\ucrt\conio.h(453): message : 'getch' 선언을 참조하십시오.
C:\Users\eodus\source\repos\OmokGame\GameManager.cpp(315,1): warning C4996: 'getch': The POSIX name for this item is deprecated. Instead, use the ISO C and C++ conformant name: _getch. See online help for details.
C:\Program Files (x86)\Windows Kits\10\Include\10.0.18362.0\ucrt\conio.h(453): message : 'getch' 선언을 참조하십시오.
C:\Users\eodus\source\repos\OmokGame\GameManager.cpp(353,1): warning C4996: 'getch': The POSIX name for this item is deprecated. Instead, use the ISO C and C++ conformant name: _getch. See online help for details.
C:\Program Files (x86)\Windows Kits\10\Include\10.0.18362.0\ucrt\conio.h(453): message : 'getch' 선언을 참조하십시오.
  OmokGame.vcxproj -> C:\Users\eodus\source\repos\OmokGame\Debug\OmokGame.exe
