c:\users\eodus\desktop\옮길거 (1)\옮길거\battlecity\debug\vc142.pdb
c:\users\eodus\desktop\옮길거 (1)\옮길거\battlecity\debug\vc142.idb
c:\users\eodus\desktop\옮길거 (1)\옮길거\battlecity\debug\winmain.obj
c:\users\eodus\desktop\옮길거 (1)\옮길거\battlecity\debug\unit.obj
c:\users\eodus\desktop\옮길거 (1)\옮길거\battlecity\debug\manager.obj
c:\users\eodus\desktop\옮길거 (1)\옮길거\battlecity\debug\item.obj
c:\users\eodus\desktop\옮길거 (1)\옮길거\battlecity\debug\block.obj
c:\users\eodus\desktop\옮길거 (1)\옮길거\battlecity\debug\battlecity.exe
c:\users\eodus\desktop\옮길거 (1)\옮길거\battlecity\debug\battlecity.ilk
c:\users\eodus\desktop\옮길거 (1)\옮길거\battlecity\debug\battlecity.pdb
c:\users\eodus\desktop\옮길거 (1)\옮길거\battlecity\debug\battlecity.res
c:\users\eodus\desktop\포트폴리오 코드\battlecity\debug\block.obj
c:\users\eodus\desktop\포트폴리오 코드\battlecity\debug\item.obj
c:\users\eodus\desktop\포트폴리오 코드\battlecity\debug\manager.obj
c:\users\eodus\desktop\포트폴리오 코드\battlecity\debug\unit.obj
c:\users\eodus\desktop\포트폴리오 코드\battlecity\debug\winmain.obj
c:\users\eodus\desktop\포트폴리오 코드\battlecity\debug\battlecity.ilk
c:\users\eodus\desktop\포트폴리오 코드\battlecity\debug\battlecity.res
c:\users\eodus\desktop\포트폴리오 코드\battlecity\debug\vc142.idb
c:\users\eodus\desktop\포트폴리오 코드\battlecity\debug\battlecity.pdb
c:\users\eodus\desktop\포트폴리오 코드\battlecity\debug\vc142.pdb
c:\users\eodus\desktop\포트폴리오 코드\battlecity\debug\battlecity.exe
c:\users\eodus\desktop\포트폴리오 코드\battlecity\debug\battlecity.tlog\cl.command.1.tlog
c:\users\eodus\desktop\포트폴리오 코드\battlecity\debug\battlecity.tlog\cl.read.1.tlog
c:\users\eodus\desktop\포트폴리오 코드\battlecity\debug\battlecity.tlog\cl.write.1.tlog
c:\users\eodus\desktop\포트폴리오 코드\battlecity\debug\battlecity.tlog\link.command.1.tlog
c:\users\eodus\desktop\포트폴리오 코드\battlecity\debug\battlecity.tlog\link.read.1.tlog
c:\users\eodus\desktop\포트폴리오 코드\battlecity\debug\battlecity.tlog\link.write.1.tlog
c:\users\eodus\desktop\포트폴리오 코드\battlecity\debug\battlecity.tlog\rc.command.1.tlog
c:\users\eodus\desktop\포트폴리오 코드\battlecity\debug\battlecity.tlog\rc.read.1.tlog
c:\users\eodus\desktop\포트폴리오 코드\battlecity\debug\battlecity.tlog\rc.write.1.tlog
