  Block.cpp
C:\Users\eodus\Desktop\Minesweeper(콘솔)\Block.h(26,19): warning C4838: 'int'에서 'SHORT'(으)로의 변환에는 축소 변환이 필요합니다.
C:\Users\eodus\Desktop\Minesweeper(콘솔)\Block.h(26,24): warning C4838: 'int'에서 'SHORT'(으)로의 변환에는 축소 변환이 필요합니다.
  Draw.cpp
C:\Users\eodus\Desktop\Minesweeper(콘솔)\Draw.h(22,19): warning C4838: 'int'에서 'SHORT'(으)로의 변환에는 축소 변환이 필요합니다.
C:\Users\eodus\Desktop\Minesweeper(콘솔)\Draw.h(22,24): warning C4838: 'int'에서 'SHORT'(으)로의 변환에는 축소 변환이 필요합니다.
  main.cpp
C:\Users\eodus\Desktop\Minesweeper(콘솔)\Draw.h(22,19): warning C4838: 'int'에서 'SHORT'(으)로의 변환에는 축소 변환이 필요합니다.
C:\Users\eodus\Desktop\Minesweeper(콘솔)\Draw.h(22,24): warning C4838: 'int'에서 'SHORT'(으)로의 변환에는 축소 변환이 필요합니다.
C:\Users\eodus\Desktop\Minesweeper(콘솔)\Block.h(26,19): warning C4838: 'int'에서 'SHORT'(으)로의 변환에는 축소 변환이 필요합니다.
C:\Users\eodus\Desktop\Minesweeper(콘솔)\Block.h(26,24): warning C4838: 'int'에서 'SHORT'(으)로의 변환에는 축소 변환이 필요합니다.
C:\Users\eodus\Desktop\Minesweeper(콘솔)\Player.h(35,19): warning C4838: 'int'에서 'SHORT'(으)로의 변환에는 축소 변환이 필요합니다.
C:\Users\eodus\Desktop\Minesweeper(콘솔)\Player.h(35,24): warning C4838: 'int'에서 'SHORT'(으)로의 변환에는 축소 변환이 필요합니다.
C:\Users\eodus\Desktop\Minesweeper(콘솔)\main.cpp(4,1): warning C4326: 'main'의 반환 형식이 'int'이어야 하는데 'void'입니다.
C:\Users\eodus\Desktop\Minesweeper(콘솔)\main.cpp(8,12): warning C4244: '인수': 'time_t'에서 'unsigned int'(으)로 변환하면서 데이터가 손실될 수 있습니다.
  Manager.cpp
C:\Users\eodus\Desktop\Minesweeper(콘솔)\Draw.h(22,19): warning C4838: 'int'에서 'SHORT'(으)로의 변환에는 축소 변환이 필요합니다.
C:\Users\eodus\Desktop\Minesweeper(콘솔)\Draw.h(22,24): warning C4838: 'int'에서 'SHORT'(으)로의 변환에는 축소 변환이 필요합니다.
C:\Users\eodus\Desktop\Minesweeper(콘솔)\Block.h(26,19): warning C4838: 'int'에서 'SHORT'(으)로의 변환에는 축소 변환이 필요합니다.
C:\Users\eodus\Desktop\Minesweeper(콘솔)\Block.h(26,24): warning C4838: 'int'에서 'SHORT'(으)로의 변환에는 축소 변환이 필요합니다.
C:\Users\eodus\Desktop\Minesweeper(콘솔)\Player.h(35,19): warning C4838: 'int'에서 'SHORT'(으)로의 변환에는 축소 변환이 필요합니다.
C:\Users\eodus\Desktop\Minesweeper(콘솔)\Player.h(35,24): warning C4838: 'int'에서 'SHORT'(으)로의 변환에는 축소 변환이 필요합니다.
  Player.cpp
C:\Users\eodus\Desktop\Minesweeper(콘솔)\Block.h(26,19): warning C4838: 'int'에서 'SHORT'(으)로의 변환에는 축소 변환이 필요합니다.
C:\Users\eodus\Desktop\Minesweeper(콘솔)\Block.h(26,24): warning C4838: 'int'에서 'SHORT'(으)로의 변환에는 축소 변환이 필요합니다.
C:\Users\eodus\Desktop\Minesweeper(콘솔)\Player.h(35,19): warning C4838: 'int'에서 'SHORT'(으)로의 변환에는 축소 변환이 필요합니다.
C:\Users\eodus\Desktop\Minesweeper(콘솔)\Player.h(35,24): warning C4838: 'int'에서 'SHORT'(으)로의 변환에는 축소 변환이 필요합니다.
  코드를 생성하고 있습니다...
  Minesweeper.vcxproj -> C:\Users\eodus\Desktop\Minesweeper(콘솔)\Debug\Minesweeper.exe
