  Block.cpp
C:\Users\eodus\source\repos\뱀게임\NewSankeGame\NewSankeGame\Block.h(27,19): warning C4838: 'int'에서 'SHORT'(으)로의 변환에는 축소 변환이 필요합니다.
C:\Users\eodus\source\repos\뱀게임\NewSankeGame\NewSankeGame\Block.h(27,24): warning C4838: 'int'에서 'SHORT'(으)로의 변환에는 축소 변환이 필요합니다.
C:\Users\eodus\source\repos\뱀게임\NewSankeGame\NewSankeGame\Block.cpp(15,1): warning C4996: 'sprintf': This function or variable may be unsafe. Consider using sprintf_s instead. To disable deprecation, use _CRT_SECURE_NO_WARNINGS. See online help for details.
C:\Program Files (x86)\Windows Kits\10\Include\10.0.18362.0\ucrt\stdio.h(1774): message : 'sprintf' 선언을 참조하십시오.
  Draw.cpp
C:\Users\eodus\source\repos\뱀게임\NewSankeGame\NewSankeGame\Draw.h(15,19): warning C4838: 'int'에서 'SHORT'(으)로의 변환에는 축소 변환이 필요합니다.
C:\Users\eodus\source\repos\뱀게임\NewSankeGame\NewSankeGame\Draw.h(15,24): warning C4838: 'int'에서 'SHORT'(으)로의 변환에는 축소 변환이 필요합니다.
  GameManager.cpp
C:\Users\eodus\source\repos\뱀게임\NewSankeGame\NewSankeGame\Block.h(27,19): warning C4838: 'int'에서 'SHORT'(으)로의 변환에는 축소 변환이 필요합니다.
C:\Users\eodus\source\repos\뱀게임\NewSankeGame\NewSankeGame\Block.h(27,24): warning C4838: 'int'에서 'SHORT'(으)로의 변환에는 축소 변환이 필요합니다.
C:\Users\eodus\source\repos\뱀게임\NewSankeGame\NewSankeGame\Draw.h(15,19): warning C4838: 'int'에서 'SHORT'(으)로의 변환에는 축소 변환이 필요합니다.
C:\Users\eodus\source\repos\뱀게임\NewSankeGame\NewSankeGame\Draw.h(15,24): warning C4838: 'int'에서 'SHORT'(으)로의 변환에는 축소 변환이 필요합니다.
C:\Users\eodus\source\repos\뱀게임\NewSankeGame\NewSankeGame\Snake.h(38,19): warning C4838: 'int'에서 'SHORT'(으)로의 변환에는 축소 변환이 필요합니다.
C:\Users\eodus\source\repos\뱀게임\NewSankeGame\NewSankeGame\Snake.h(38,24): warning C4838: 'int'에서 'SHORT'(으)로의 변환에는 축소 변환이 필요합니다.
C:\Users\eodus\source\repos\뱀게임\NewSankeGame\NewSankeGame\GameManager.cpp(12,12): warning C4244: '인수': 'time_t'에서 'unsigned int'(으)로 변환하면서 데이터가 손실될 수 있습니다.
C:\Users\eodus\source\repos\뱀게임\NewSankeGame\NewSankeGame\GameManager.cpp(55,1): warning C4996: 'kbhit': The POSIX name for this item is deprecated. Instead, use the ISO C and C++ conformant name: _kbhit. See online help for details.
C:\Program Files (x86)\Windows Kits\10\Include\10.0.18362.0\ucrt\conio.h(459): message : 'kbhit' 선언을 참조하십시오.
C:\Users\eodus\source\repos\뱀게임\NewSankeGame\NewSankeGame\GameManager.cpp(56,1): warning C4996: 'getch': The POSIX name for this item is deprecated. Instead, use the ISO C and C++ conformant name: _getch. See online help for details.
C:\Program Files (x86)\Windows Kits\10\Include\10.0.18362.0\ucrt\conio.h(453): message : 'getch' 선언을 참조하십시오.
C:\Users\eodus\source\repos\뱀게임\NewSankeGame\NewSankeGame\GameManager.cpp(63,1): warning C4996: 'getch': The POSIX name for this item is deprecated. Instead, use the ISO C and C++ conformant name: _getch. See online help for details.
C:\Program Files (x86)\Windows Kits\10\Include\10.0.18362.0\ucrt\conio.h(453): message : 'getch' 선언을 참조하십시오.
  Snake.cpp
C:\Users\eodus\source\repos\뱀게임\NewSankeGame\NewSankeGame\Block.h(27,19): warning C4838: 'int'에서 'SHORT'(으)로의 변환에는 축소 변환이 필요합니다.
C:\Users\eodus\source\repos\뱀게임\NewSankeGame\NewSankeGame\Block.h(27,24): warning C4838: 'int'에서 'SHORT'(으)로의 변환에는 축소 변환이 필요합니다.
C:\Users\eodus\source\repos\뱀게임\NewSankeGame\NewSankeGame\Snake.h(38,19): warning C4838: 'int'에서 'SHORT'(으)로의 변환에는 축소 변환이 필요합니다.
C:\Users\eodus\source\repos\뱀게임\NewSankeGame\NewSankeGame\Snake.h(38,24): warning C4838: 'int'에서 'SHORT'(으)로의 변환에는 축소 변환이 필요합니다.
  main.cpp
C:\Users\eodus\source\repos\뱀게임\NewSankeGame\NewSankeGame\Block.h(27,19): warning C4838: 'int'에서 'SHORT'(으)로의 변환에는 축소 변환이 필요합니다.
C:\Users\eodus\source\repos\뱀게임\NewSankeGame\NewSankeGame\Block.h(27,24): warning C4838: 'int'에서 'SHORT'(으)로의 변환에는 축소 변환이 필요합니다.
C:\Users\eodus\source\repos\뱀게임\NewSankeGame\NewSankeGame\Draw.h(15,19): warning C4838: 'int'에서 'SHORT'(으)로의 변환에는 축소 변환이 필요합니다.
C:\Users\eodus\source\repos\뱀게임\NewSankeGame\NewSankeGame\Draw.h(15,24): warning C4838: 'int'에서 'SHORT'(으)로의 변환에는 축소 변환이 필요합니다.
C:\Users\eodus\source\repos\뱀게임\NewSankeGame\NewSankeGame\Snake.h(38,19): warning C4838: 'int'에서 'SHORT'(으)로의 변환에는 축소 변환이 필요합니다.
C:\Users\eodus\source\repos\뱀게임\NewSankeGame\NewSankeGame\Snake.h(38,24): warning C4838: 'int'에서 'SHORT'(으)로의 변환에는 축소 변환이 필요합니다.
C:\Users\eodus\source\repos\뱀게임\NewSankeGame\NewSankeGame\main.cpp(4,1): warning C4326: 'main'의 반환 형식이 'int'이어야 하는데 'void'입니다.
  코드를 생성하고 있습니다...
C:\Users\eodus\source\repos\뱀게임\NewSankeGame\NewSankeGame\Snake.cpp(170): warning C4715: 'Snake::CheckTail': 모든 제어 경로에서 값을 반환하지는 않습니다.
  NewSankeGame.vcxproj -> C:\Users\eodus\source\repos\뱀게임\NewSankeGame\Debug\NewSankeGame.exe
